2024-07-03 05:30:12.153 [info] Added views:workbench.panel.markers.view in workbench.panel.markers
2024-07-03 05:30:12.153 [info] Added views:workbench.panel.output in workbench.panel.output
2024-07-03 05:30:12.153 [info] Added views:terminal in terminal
2024-07-03 05:30:12.153 [info] Added views:outline in workbench.view.explorer
2024-07-03 05:30:12.153 [info] Added views:workbench.scm in workbench.view.scm
2024-07-03 05:30:12.153 [info] Added views:workbench.view.search in workbench.view.search
2024-07-03 05:30:12.153 [info] Added views:timeline in workbench.view.explorer
2024-07-03 05:30:12.153 [info] Added views:workbench.explorer.fileView in workbench.view.explorer
2024-07-03 05:30:13.087 [info] Added views:workbench.debug.variablesView,workbench.debug.watchExpressionsView,workbench.debug.callStackView,workbench.debug.breakPointsView in workbench.view.debug
2024-07-03 05:30:13.349 [info] Added views:projectsExplorerFavorites,projectManagerHelpAndFeedback in workbench.view.extension.project-manager
2024-07-03 05:30:13.351 [info] Added views:gitlens.views.home,gitlens.views.workspaces,gitlens.views.account in workbench.view.extension.gitlens
2024-07-03 05:30:13.354 [info] Added views:gitlens.views.commitDetails,gitlens.views.lineHistory,gitlens.views.fileHistory,gitlens.views.searchAndCompare in workbench.view.extension.gitlensInspect
2024-07-03 05:30:13.356 [info] Added views:gitlens.views.commits,gitlens.views.branches,gitlens.views.remotes,gitlens.views.stashes,gitlens.views.tags,gitlens.views.contributors in workbench.view.scm
2024-07-03 05:30:13.569 [info] Added views:workbench.panel.repl.view in workbench.panel.repl
2024-07-03 05:30:13.572 [info] Removed views:workbench.debug.breakPointsView,workbench.debug.callStackView,workbench.debug.watchExpressionsView,workbench.debug.variablesView from workbench.view.debug
2024-07-03 05:30:13.573 [info] Added views:workbench.debug.welcome in workbench.view.debug
2024-07-03 05:30:13.798 [info] Added views:~remote.forwardedPorts in ~remote.forwardedPortsContainer
2024-07-03 05:30:15.338 [info] Added views:projectsExplorerGit in workbench.view.extension.project-manager
2024-07-03 05:30:15.399 [info] Removed views:gitlens.views.workspaces from workbench.view.extension.gitlens
2024-07-03 05:30:15.404 [info] Removed views:gitlens.views.searchAndCompare,gitlens.views.fileHistory,gitlens.views.lineHistory,gitlens.views.commitDetails from workbench.view.extension.gitlensInspect
2024-07-03 05:30:15.406 [info] Removed views:gitlens.views.contributors,gitlens.views.tags,gitlens.views.stashes,gitlens.views.remotes,gitlens.views.branches,gitlens.views.commits from workbench.view.scm
2024-07-03 05:30:19.667 [info] Added views:gitlens.views.drafts,gitlens.views.workspaces in workbench.view.extension.gitlens
2024-07-03 05:30:19.732 [info] Added views:gitlens.views.graph,gitlens.views.graphDetails in workbench.view.extension.gitlensPanel
2024-07-03 05:30:19.736 [info] Added views:gitlens.views.commitDetails,gitlens.views.lineHistory,gitlens.views.fileHistory,gitlens.views.timeline,gitlens.views.searchAndCompare in workbench.view.extension.gitlensInspect
2024-07-03 05:30:19.739 [info] Added views:gitlens.views.commits,gitlens.views.branches,gitlens.views.remotes,gitlens.views.stashes,gitlens.views.tags,gitlens.views.worktrees,gitlens.views.contributors in workbench.view.scm
2024-07-03 05:30:19.891 [info] Added views:thunder-client-sidebar in workbench.view.extension.thunder-client
